SlidingMenu_library/build/outputs/logs/manifest-merger-debug-report.txt
-- Merging decision tree log ---
manifest
ADDED from SlidingMenu_library\AndroidManifest.xml:2:1-9:12
INJECTED from SlidingMenu_library\AndroidManifest.xml:2:1-9:12
INJECTED from SlidingMenu_library\AndroidManifest.xml:2:1-9:12
INJECTED from SlidingMenu_library\AndroidManifest.xml:2:1-9:12
INJECTED from SlidingMenu_library\AndroidManifest.xml:2:1-9:12
INJECTED from SlidingMenu_library\AndroidManifest.xml:2:1-9:12
INJECTED from SlidingMenu_library\AndroidManifest.xml:2:1-9:12
	package
		ADDED from SlidingMenu_library\AndroidManifest.xml:3:5-50
		INJECTED from SlidingMenu_library\AndroidManifest.xml
		INJECTED from SlidingMenu_library\AndroidManifest.xml
	android:versionName
		ADDED from SlidingMenu_library\AndroidManifest.xml:5:5-30
		INJECTED from SlidingMenu_library\AndroidManifest.xml
		INJECTED from SlidingMenu_library\AndroidManifest.xml
	xmlns:android
		ADDED from SlidingMenu_library\AndroidManifest.xml:2:11-69
	android:versionCode
		ADDED from SlidingMenu_library\AndroidManifest.xml:4:5-28
		INJECTED from SlidingMenu_library\AndroidManifest.xml
		INJECTED from SlidingMenu_library\AndroidManifest.xml
uses-sdk
INJECTED from SlidingMenu_library\AndroidManifest.xml reason: use-sdk injection requested
INJECTED from SlidingMenu_library\AndroidManifest.xml
INJECTED from SlidingMenu_library\AndroidManifest.xml
INJECTED from SlidingMenu_library\AndroidManifest.xml
INJECTED from SlidingMenu_library\AndroidManifest.xml
	android:targetSdkVersion
		INJECTED from SlidingMenu_library\AndroidManifest.xml
		ADDED from SlidingMenu_library\AndroidManifest.xml
		INJECTED from SlidingMenu_library\AndroidManifest.xml
	android:minSdkVersion
		INJECTED from SlidingMenu_library\AndroidManifest.xml
		ADDED from SlidingMenu_library\AndroidManifest.xml
		INJECTED from SlidingMenu_library\AndroidManifest.xml